* using log directory ‘/home/abdelkaderm/git/esd/esd.Rcheck’
* using R version 3.0.3 (2014-03-06)
* using platform: x86_64-pc-linux-gnu (64-bit)
* using session charset: UTF-8
* checking for file ‘esd/DESCRIPTION’ ... OK
* this is package ‘esd’ version ‘0.6-1’
* checking package namespace information ... OK
* checking package dependencies ... OK
* checking if this is a source package ... OK
* checking if there is a namespace ... OK
* checking for executable files ... WARNING
Found the following executable files:
  .git/objects/00/71410bb1ecde93203cd4e73fa56281089c52bc
  .git/objects/01/224ffc4b7993eb59af4eb226ce15f83c44ba81
  .git/objects/01/4655b5daa042f2c7afc879ab16e69ff590e840
  .git/objects/01/4bef90cfe04453716ced1dfbdd9df60ea18567
  .git/objects/01/58e822dcd217dba518ff94a4a734f6bcb75ec7
  .git/objects/01/adf40fa1bd7db39ef0297ed7b5b275a5fdbc76
  .git/objects/01/f11d093a3aeb3f7f3699ef289b08159711c309
  .git/objects/02/4406b07c75d6a604b040d9f988aabef9a63b16
  .git/objects/02/dc22dd2a25c0d9721d2706f4918305db366f7d
  .git/objects/03/1277769f53a8ad594c21d1f2652021e38c73db
  .git/objects/03/458612930abb2c9709719ea04aef84228989a9
  .git/objects/03/9da95e89a5b976b0a2c701368e0460c20a7aff
  .git/objects/03/d258451829cb860223adea26a42d0a2de2c59a
  .git/objects/04/050d58791c314913b71557b4579fc1ce0efc61
  .git/objects/04/4b1e204e0948965b0b85844729ae8b101ad4b0
  .git/objects/04/c83aed8f3ff3e3c484b233ce7348efd352ac8b
  .git/objects/04/d328f6d6af48522724c09a1e4ccd6162c6311e
  .git/objects/05/01bb56ef119771f9bdf7a021c224bda0013cb3
  .git/objects/05/3c802da5e2942fdcf8c7ab50d399afb0de38d1
  .git/objects/06/2c9cdd1b43d8c193ee4cf7ebe91af7ba761c02
  .git/objects/06/8dfc18f52d4bcdd2a8ec5871222787bdcc5db2
  .git/objects/06/dce4211d78f1dd28ed611f3726d9c1fa524383
  .git/objects/07/0a00d15724e0f95ec760e176eecf0098df6899
  .git/objects/07/1a80428d9cb7e369c98806647269a3e6cf8425
  .git/objects/07/55805881a70a38b332ca95ea254b3f0be639a7
  .git/objects/07/8bd4b72a8a844319038e79a2209b964c81d9fa
  .git/objects/07/a9dd9c2a7ca7765c1a8415cb11334d60505d75
  .git/objects/07/ad3faf45c6cd360abc89805a4f06698d42862d
  .git/objects/07/d3758a17b46b97a7d73dc4b12cd83ca33e65e4
  .git/objects/08/123201aaf2a71b9803adc539dc27d244aa774e
  .git/objects/08/6aabbd849ff0c023f0e073c3d5ab227c3d47c7
  .git/objects/08/8998a6d1935854c89a42cdbf9fb1fe5b5e3548
  .git/objects/08/8f6abe18608a036749fd047718bcceec73417b
  .git/objects/08/a57dc80fc47e163d6d7c2cfc07172a02f53158
  .git/objects/08/b8ae3b1362071d2d01cf012288f4e2c8ffc2c6
  .git/objects/09/6e9f46f43ac5b185dbb785214cbb8aeb8e8fad
  .git/objects/09/d50d71aa2f6119fec4abfd882be7836d7a6a9a
  .git/objects/0a/61e59b2fe5d565f7b810f7522bebd93ad007a4
  .git/objects/0a/6bbe1f09eb22fc4fc5063af5dcb6e89ba5d654
  .git/objects/0a/9287c7185fa6d6ce93f3e9e8f102fd4a0cc677
  .git/objects/0a/a77309e10cf5edd6530bb4ad92dc5c4b35abba
  .git/objects/0a/cdd4f1cb534776fe17b7b06d970dca2e34a73d
  .git/objects/0c/6e2f1c98742cdeaed10b7713e81e12c984876f
  .git/objects/0d/945ca996678b38ae3cd35e980805fde6aaa5ee
  .git/objects/0d/bcd899f485384d777604000ea8f646a8b47d16
  .git/objects/0e/9c33fbc7bb5d64b80b5426b34505612a934aa2
  .git/objects/0f/e95331870f1beef6f3e358b9b4f5ca2f5b215d
  .git/objects/10/468a7167323e4150e376070a65f5e3dbdfb129
  .git/objects/10/b6edb324a044bc6554836c36138a45165f2298
  .git/objects/10/cb001a1400383b5f74cd4ad3f3b4a7fba76e6c
  .git/objects/10/fbc6d522a92164294882b8d22f45b68262f802
  .git/objects/11/ea4881a6c4556b8061c845c943ce766765cd59
  .git/objects/12/136dfb13b36ea93a5b299fd0c4a591f32ad23e
  .git/objects/12/354457c8a9ef02c0895a2626732f908d5319fa
  .git/objects/12/387ef6ee47c068182b8af865fe3093f57673e5
  .git/objects/12/7f15d34298b0a856aad7deed026f9dac0d7864
  .git/objects/12/fb2c1e319121ca8b8bc7448dfbc64535712e69
  .git/objects/13/1fdd819db885ba645deb9bdfa5778c570a59d0
  .git/objects/13/a85b600259189d188bbd714f5cf64889f32a33
  .git/objects/13/f93ee7a2363b7eee66985469953daad1d2f5dc
  .git/objects/14/1f419c6c65b71faeaba9d75846f8a75ffce64f
  .git/objects/14/6fd60627eab458d6811d45af4720f0f0ba92b2
  .git/objects/14/885ad7919f0f41fb78af65f0829b329b186282
  .git/objects/14/ee8be41b0e0d55ec8de51d1e0ea0855db5f789
  .git/objects/15/421e0ee9b6414f998f1e2d2592f513d8b2fb29
  .git/objects/15/5b538ce1fc38ff297e75b4186efcc282aac038
  .git/objects/15/de5a5b81027eefdba8a1c0144c0ab4d4739758
  .git/objects/16/164b0637cd6815913d1a50039791fea5f7d94d
  .git/objects/16/33bd495487b2843b95c93af3e90d488643cc07
  .git/objects/16/39c25e685ffdac7f2dc883d48b2c02dd2eb24f
  .git/objects/16/6e38cae0eb5e2a172be0ca6eaa7489d2fa95e0
  .git/objects/16/d13aa87f2be74ef2540be685e4441bf112325a
  .git/objects/17/4ab44b6b15af17b77a94ed192e84eca27b2049
  .git/objects/17/65bd65644ea7c33dd0ecb055afa75714ecab8b
  .git/objects/17/ac7c6044e64d7d4cd82d393c84c9e6fdfb0d54
  .git/objects/18/380d793a2d7bb8163453f29b1b4bcf9d056fcc
  .git/objects/18/3e40b9136596a73e0ff4599bffd0d12ceb9e17
  .git/objects/18/d08887e6978327c019ef8db8aa0897177c8a75
  .git/objects/18/d53c4c90bae078ed9ec0544c6eabc770666f36
  .git/objects/18/dd46fc2a4aa5fd7189a1e1c45931b92c7f2b1e
  .git/objects/19/a01fa15ac14a9ff2e1b233f1420e567121c284
  .git/objects/19/dc1bf0d88d62f205c7dc0b2ef01b9dd88f87e4
  .git/objects/1a/48b517455b1b5b338351863d6297178890313c
  .git/objects/1a/54dacd34745ef16595fa3364a8563fbb9b881a
  .git/objects/1a/dda49c2739c39d034269bbaaa41f9628747bbf
  .git/objects/1b/0f50b3c99fa3bd26cc81a4b22edb33ec04e1df
  .git/objects/1b/60bd54eac5f231cdde6cc739932445fabcab05
  .git/objects/1b/d19c23d61393be13b5c1e9727e04a071fa92e2
  .git/objects/1b/d89375756b6d7683add2b4215a0168854b7dc7
  .git/objects/1c/88de826b43240d186fc027558d5f911ccce873
  .git/objects/1c/db2afff77b93b15f8a1823eccae576a2ffe532
  .git/objects/1c/db3a101a654f9afa2cba0dfed9739449759feb
  .git/objects/1d/12f4a4b996ec5f29bac218701f3c10e29b97cb
  .git/objects/1d/74a62de84bb7aadb77a9d99933e156655d02bb
  .git/objects/1d/97aab37346715bf554f03d71ec4da63fec0660
  .git/objects/1d/a834a42c29a7e5e1f44ef725f4021aacbc01b7
  .git/objects/1d/c6f071e7dbc38f6a0b89477d0d390a49b7d22b
  .git/objects/1e/c640100bb2cc93393cb91ef55ed153e8ea1710
  .git/objects/1e/cf511c12882029514b45c24e9642c970954211
  .git/objects/1f/34a60f413a8c10f229396a08075e452e191bf8
  .git/objects/1f/67c09c61be976656d67482ee171b2330cac4e7
  .git/objects/1f/ad922005e1022268cba402ca996d69268b6536
  .git/objects/1f/b02c44104cbbc34d82f4ea83db2e7dd8183b8c
  .git/objects/1f/c0f4c5f5f5b03eb63b99c5bd8e9487273022ad
  .git/objects/1f/e1034fd8a2ab42d8bed7b590ab71dc4b6a9c17
  .git/objects/21/b8193da5a42804f5a6627c97227e1b0614581b
  .git/objects/21/ce88720cca01b715c8bd0857de0e0feda9cdd8
  .git/objects/21/ebf7a564ed78941c90366adf1a93ea0a861795
  .git/objects/22/774cb8c16238149d2738f1359299033d9ccd32
  .git/objects/22/9d09fd54a46e5b84a47abb4b839782d29890da
  .git/objects/22/c9715a07087da7ea263535746d3cacbc11fe55
  .git/objects/23/4ff40315f3dfc86817331f490b22f0ab47429a
  .git/objects/23/b7961bc5ad2718d08d00396937bcc64a450296
  .git/objects/24/169f46fddcf3c0a1922d744ecb3346954348c0
  .git/objects/24/b961a8408c141db5055b5a1bbcc984645d3c9b
  .git/objects/25/051ff4b068a2dc6877f26a705bb4cf6fc531ec
  .git/objects/25/a4fe348d12751d3f36f631d8b3fec09d81170d
  .git/objects/25/d02dca4b7fa4c96453545f248518eedaea847b
  .git/objects/26/11c0dc668dee43382bd9d4a0c5a36e37900121
  .git/objects/26/1c5e29d67b53e5acf450b11efc5b0043029d57
  .git/objects/26/28aeebb1a5d0f22b4d0d162512714cceb39a9f
  .git/objects/27/127cff2a97b3cd941c44ed177e454df1c69a1c
  .git/objects/27/307816eeb9e2fd8f1879de608a16df6cb61587
  .git/objects/27/9cf2a5d5e92ce600999f914e11e57a88f8b4be
  .git/objects/27/ef388879fa4c97f9e31ec9eb88dd4a6406dc6a
  .git/objects/28/6761c06da7791fc4cac1c920fa64c8c44036e2
  .git/objects/28/7a87bcc7a699e9fd9e98ff7ad92ec186311545
  .git/objects/28/aff01912acc46601f8e83428047ab422d1c1ea
  .git/objects/28/bed5c727321a087e4e60782d356d38ed8634fb
  .git/objects/28/cb2052ae366b5386c32ce48aea815cf7a9ea31
  .git/objects/28/db78e39d45a18f1d9f17746ae9a942034fabae
  .git/objects/29/0ab20edfd0c2fca26fdc9feef3e3681dfe556b
  .git/objects/29/263260a4b01521b21c66d05afd10f84e889f6d
  .git/objects/29/5704b42271d2b5314792a8d7cfa58c86673128
  .git/objects/29/6fbabcf6bf32ccb3a9fd0d93a7c60c89c308ab
  .git/objects/2a/7e4eeeb14af593a8c82f679bd770d6ba0bc81b
  .git/objects/2a/870591ab3df417ef9a81ffd8445f9c5fc2f981
  .git/objects/2b/18bdb482b24c727d488d553897f78393724dff
  .git/objects/2b/46df70159392f517e8bf7b3306f167578362cf
  .git/objects/2b/7a8a3f8c97aa2deaf36a8123cd9bb1eb1be750
  .git/objects/2b/84ebc1e32f92063d3aeb555580a6dad634f1ef
  .git/objects/2b/bad271383b79d46278d59f964420d1680ba130
  .git/objects/2c/127e59143a18bc8b46e3af4fcd2cbb7cdaeeca
  .git/objects/2c/1c4615893a1b810245fd29d0477c0202e745dd
  .git/objects/2c/24af0e61eeebb5079c291823fc5c1535f1768a
  .git/objects/2c/45d73bab1c416bf10442c39ea4f5458164cf8b
  .git/objects/2c/933c0b155da70de44aaffe04f512446c889f9b
  .git/objects/2c/ab27ea2663697958ba4de535110390f15568c4
  .git/objects/2c/bc5d287756159939d429521b1002abf4a1e506
  .git/objects/2d/02fa47015be81c761b8d746a10ce2e17fb2a2a
  .git/objects/2d/04b84e80e3bfcf59e47e30cb2a5057b3eb940a
  .git/objects/2d/32989a05e9539a7dbb2908bed67fbb6844ebb7
  .git/objects/2d/940c5bcb032180bba7b2cdd9cbcc64a6941461
  .git/objects/2d/a8afc540fa984e4b7bc71f474731d69b7e2849
  .git/objects/2e/01cb035159602eb561d2294b16de16cff7ee1b
  .git/objects/2e/893fa1d15f24c6bf94a09d2152b5f6d06fc29d
  .git/objects/2e/c3bf65a527d09c3e79ed334c6221fec0d192a3
  .git/objects/2f/bffa285ca12f698d9185e845fcbb5ea595c7d5
  .git/objects/30/84da2d0009160f36e8ce6c3aae01f365ca25c8
  .git/objects/30/9bc85a36f183838e5fceac9039eb3da3833275
  .git/objects/31/37e74452bc948b86826fcdbe6e543238532f06
  .git/objects/31/93035c2cd0e3e15092004d2cfd70a75983f069
  .git/objects/32/2ea0660b7928fdb1ba2557cc3ddce9da2c7594
  .git/objects/32/49c65e212a9a046804828fe397671172055b92
  .git/objects/33/1f3ab3e8576ec92923635e1ccfb04ef3fe576e
  .git/objects/33/b75f0e881981b2cb1d8fa64887fe52571a84a7
  .git/objects/33/d9b5c84c889285b88d2f7873d94af376115433
  .git/objects/33/e0ae48270f0ae5dc85ea33aa8045c8012338d5
  .git/objects/33/efcb22a9aec1f4b56ba8db843fba21bb713d5e
  .git/objects/33/f3fd7efecf3495028d2da5ce0ed4b949c18b6b
  .git/objects/34/22b42fff2cddd8814039412bc23977a0eec075
  .git/objects/34/790392bba2d725b97734cab13e1bf23666a64a
  .git/objects/34/df35d2f3c96a3c4198c0553397c7f576393bbe
  .git/objects/35/1f446dc4c95ce449a538c0f543c0fa694122f5
  .git/objects/35/f3d40f908c24ab72d7015754fbf55ca7d5cdc5
  .git/objects/35/fe600f637d68dfeb1c38316c186f8699b5f143
  .git/objects/36/517ad8916dabaa7f82639f0e54226e71917b52
  .git/objects/36/6a0dcbf6c5b40873b8efa0262f4d267bf353ad
  .git/objects/37/485d4cbef0a1d3837f3ce0b76a18c0db567fe8
  .git/objects/37/4e0e9a0770b38cf16ca37d1db33fdc65493223
  .git/objects/37/f830459c5fa50ca80dceabd9a94296dc45f689
  .git/objects/38/13f8953a90eec0df8b4b3abd284e8cd26ffdec
  .git/objects/38/1b7681d681c75908fcda306a35e6fca42dbca4
  .git/objects/39/1eafe271985bf2918ec86965ae5af5f5273730
  .git/objects/39/42635b1e212e8b76a8f6098c4d35af5d824bbf
  .git/objects/39/a7f4d1c852bed0cdef778d5da08437c2020212
  .git/objects/39/afec6cb882b60c260c40d1deb21fdd9a8808e2
  .git/objects/39/dfc7c7327894bde5a3bcff9ca3187c86a95b32
  .git/objects/3a/50a3f9382e60763f1fdb8e5b5805c9d83ce391
  .git/objects/3b/a89984257fc31f32fdba34b6ae7a3d1e4ff65d
  .git/objects/3c/7d2ce133ea5de5b1da7ee34324c13bb7126f4c
  .git/objects/3c/e814482266bdc3604dbc8b6fd11b37a6eb57f0
  .git/objects/3d/0a1e6a8ddce91c0efeb760deaf6fae2876dd16
  .git/objects/3d/2c1af79a6d084d1eeea31d89c616161e802386
  .git/objects/3d/e67bf34e71d4ff3a34ab1ac373aa094b96b27b
  .git/objects/3e/9619562b6482fe3946c766018ad2c296001d6a
  .git/objects/3e/9f2bd7d0b271b9ca515c5fa83717070fb2b8e1
  .git/objects/3f/024ac7af8584685fb455563b7815697273860c
  .git/objects/3f/226b3e748da6c968dab2c789e3efb42b8ede06
  .git/objects/3f/78217333dfec605498ccce3849ec1ebb985714
  .git/objects/3f/fd5a0c3640761442b50e708a12e2b00882829a
  .git/objects/40/826e620d4fbb6e304e6a06b4b9d8898f410b52
  .git/objects/40/afe102bb73156dcfbab2af15fc013b34fa9a6f
  .git/objects/40/bc4bc5b7455edf33aa4928e73e50ad2fb7f3ac
  .git/objects/41/0698f575e94f77a1bc3b5706b5a10337145fef
  .git/objects/41/2f6d1c34969881c3fdc723b56db2529903702c
  .git/objects/41/d0a5f242efe2117f6f76e6316ba5201a036bf5
  .git/objects/42/43bc40873002cfb56a1ab481c1d92bad8bb7e7
  .git/objects/42/72ca6a028795f0c2b6ef1a28f271f0190aff95
  .git/objects/43/100eb1521f392a96bd8e70be2fac1977c7aecd
  .git/objects/43/bb2afd9981511ac1dca9fb5e969eac292dff48
  .git/objects/44/c9f79ecc1b9ed84c7a34042aa684625f55d089
  .git/objects/45/08b04e992fc50f604ae258c69b8cd15441d428
  .git/objects/45/74bdfb546c8f87bb7fd3e523e9321a71e4d52f
  .git/objects/46/2dfaa5c37af70794ffbb0525306a17512a9f07
  .git/objects/46/9663777d4cd3b2df674c22bdbe5342ec77e949
  .git/objects/46/b284e159f539b643c489c77b259fcbe3507ed7
  .git/objects/47/23478c386410003d63d981ac00312af21bbba5
  .git/objects/47/39516337a69de369c6198f1ed1f7418cd7c6cc
  .git/objects/48/36b91e2f216a0d72fcba7f2b2addf723b8a945
  .git/objects/48/dfb95e8e78953f8b85211c266e1a1e5754e7c3
  .git/objects/48/eee8eb564e3f466e6477d74c6101e6d5380a15
  .git/objects/49/0f57497239518f1dbfae283b3f548753c23748
  .git/objects/49/1ffb38e8cb3f5ee7100e2e9e00d383c8ef2a47
  .git/objects/49/4a48e755adca4dc30ed7149114be2dc97c5388
  .git/objects/49/5b73b871f6396c03ef90a2e761b5611cc01d38
  .git/objects/4b/5371b9cfe1b8f3ee61919984a4bd0a2d0d5c69
  .git/objects/4b/a0c36b32208fcca3c83badfc1a673338b587a8
  .git/objects/4b/c33fa2c2feb89afe9c389489fe13eefaad1dc9
  .git/objects/4b/ecd7259030f8f1d2c373fc77887f8359063a3f
  .git/objects/4c/1f5f7d3906769f9ca8c6775e822f738ca54441
  .git/objects/4c/d534ad2849213bed0a700847e6e2450b24b422
  .git/objects/4d/263a7c337325c5cde8a44c0fbd8e462dbb49a2
  .git/objects/4d/552d597eb2fb99250403b49ca1ce890bb7286c
  .git/objects/4e/08290230bb66fd09d585958488bd3d399de065
  .git/objects/4e/2226e7afbd489e11f13ff120b63c253f9418fa
  .git/objects/4e/267696ac04d9ab0f396ce823abe1488e175786
  .git/objects/4e/4fa6fdf747bf16d2e34adc40ca9f68734540de
  .git/objects/4e/7612993722ac96b3013f5d29aa0b256ad4b500
  .git/objects/4e/a907a03a5d304fb25370c713d6dac55adaf14f
  .git/objects/4e/b8478fbdb1381cdd842dab13eae0226661c9dd
  .git/objects/4e/fa905f7b9671ff61573befa6928114697858f3
  .git/objects/50/23e3aa8a641ae9462a3cacbac1d0677f2abc6f
  .git/objects/51/6b184b2cbce79276abc52e6172aed42d161cdf
  .git/objects/51/9bbc0f7d4e6848a5f9f4f318076d0d8872c08f
  .git/objects/51/b03297d88de7b43cd77003382d21f9598f585f
  .git/objects/52/88807786e51324c12c08f7a28ff86d49e89b9c
  .git/objects/53/7be1ba46960392db097c463adfb9e0cf51cb07
  .git/objects/53/ad1ed7b851144745a89ebf9c191b9de510a6f3
  .git/objects/53/e547b1a342ed66cced32f9e8816c7001e68764
  .git/objects/54/23d6d8ba30b3ebfd74da822a8556b6d095716d
  .git/objects/54/7245ee8887af73669a78b2df6a75293123ccd7
  .git/objects/54/810c5070b75b350736fb8dce8fa7492671e8bb
  .git/objects/54/8a6749445504b3da4dbdb98ab736607c29bc04
  .git/objects/56/45fd9d0f7cc7c9b6e666ce88350b4591c3e3f2
  .git/objects/56/786e3604135ae38672dd63816de6181ef1050e
  .git/objects/57/095ec15986fec8a7d84c242e80a7216bb98537
  .git/objects/57/6ba3ed6f96e834a3c3b23c577696ecbe5d32a4
  .git/objects/57/76005ca74a40ab4ce49e949116c18eadbb1b68
  .git/objects/57/972e2867755f30a2e8656fc62e680f439ae3f7
  .git/objects/58/054e4a005eec4e47ffd099ecce3da959094da2
  .git/objects/59/967b3fa10fed42caae2d7199c0de6bd63716ca
  .git/objects/5a/4b06735dec1f79f266c59f1bc7da452bc0e494
  .git/objects/5a/6c0d55c4ac4cabc7c52df86dc2000d33156383
  .git/objects/5b/08bcef3ccfa174d37da98b8ac1f421f87b1e92
  .git/objects/5b/0a51e461a0a08ca62fd4cc4f2361553215f4d2
  .git/objects/5b/5c9eafec1f1d4b3a65e07bbd81e553ea4b4c74
  .git/objects/5c/403ee52e18e9d489f74b55131fbb0d995db6dd
  .git/objects/5c/50d25954180b667fa18129b96cadc9c69a4fe9
  .git/objects/5c/f0b3afc6c641b2a8036388fa66efb889ba0fca
  .git/objects/5d/0191e1334a8b2c538c6890f32ab3be05e3fb5e
  .git/objects/5d/81728eb75c6be4c456eddb5f1407fe8e6a2807
  .git/objects/5e/542c8cc0dd9673b17dfaad618b5f8005b5ea0a
  .git/objects/5e/ca2e3ea26d7ce84a9bb2ede08fecac0ab796b8
  .git/objects/5e/d8b30701bc4a03a53254bc3e22ae1a0c2e6e53
  .git/objects/5f/6a1fa51f25db63799a8de9044ad6f957feac4b
  .git/objects/5f/9f147102653e460b1a7deba9741e776bb66169
  .git/objects/60/5e9c0689cbe2a65640ebfdc10cf899a0cc09f3
  .git/objects/60/740badc7a299d6207e45250ae19aed9633e99f
  .git/objects/60/ce2778fa955309ea0a22b0d37297930fe0942e
  .git/objects/63/65b0f540d1bcdc4bc6b2330610a8d9137a8a6b
  .git/objects/63/bac4a829f440c7ecfc789cd9f702c0b3b49988
  .git/objects/63/fad7722d6cac8b61f3a592235db4bfb77703bc
  .git/objects/64/46e4cd94eb03e3b80a6f75ceae8b602d284cd6
  .git/objects/64/539a8ed0a9ca27fac88136ec3c25219b1504a3
  .git/objects/64/65cea1345d1c1655e21f22a3698392f1496b0c
  .git/objects/64/695e1d62febdb9533aa1b4c9ebbc3cba349925
  .git/objects/64/8cd561056d87433374c5021efdf09efcf3a562
  .git/objects/64/ca46077a5a720c974ab2c4af7054bb9022958c
  .git/objects/64/f79c567408417486a8fd74304d6b4e5169e6eb
  .git/objects/65/069eef0b9843ad496c12beb5ad19823b2a3049
  .git/objects/65/c755db42f27131c95ca040f3d4e5d46cbf91cd
  .git/objects/66/f716b039055610342a0293ba38bd4e098af296
  .git/objects/67/1151b141fb28922461b015cfc916ea6bfa9538
  .git/objects/67/1945c09d108821673b7ee57eefaf8cd1bfe590
  .git/objects/67/3cc8ad2e0bb3585d3f323ab5b3b6762c1a8522
  .git/objects/68/5eaeb5b6a81011aef80da6aa8452244479ec25
  .git/objects/68/6d60a87bf0c921776ef478c9e679e4e2732678
  .git/objects/69/00d2cce4dbc3671224c3b54fd11b41aa535ed4
  .git/objects/69/9dc2e6a0018141e53f5d782cb894530ddfb5fc
  .git/objects/69/f2a2ce75c5508191a2b0294a7c178740ffe248
  .git/objects/69/fcd89ea82ac4242b0d2f8533aecce7e4b441c0
  .git/objects/6a/596e6206fdd4ae2a35cd8896c64ff22bc523ce
  .git/objects/6a/66d14012bac9cd36c9eb5e496b471eb6170b47
  .git/objects/6a/a06bbb749f2e1216c5523b9d235a8829769944
  .git/objects/6b/5db4424671ee00b92c7a0e1d69192c76e65dcd
  .git/objects/6b/728046b4ba5d6e560239a390f5327ac8e6ca6d
  .git/objects/6c/3a1dd71829ae7254a35822a7fb6d9465a01650
  .git/objects/6c/4d15b011044e3bee5c5aee8190ac29f6bcbedd
  .git/objects/6c/f2efb4039b8120bdf8662e2b6f1f974d51812e
  .git/objects/6d/0ec8eedf3937df027b6bca326d16a19c294edc
  .git/objects/6d/7cec2b16499a3f40805ca0dd92bd4fa9671fad
  .git/objects/6e/71373665b6bb43a1188a1aab2f92bb587d96fe
  .git/objects/6e/d61d0fa931ac593fb3c59e85cb6da63172243a
  .git/objects/6f/2743b060022260f90182b9ab5872bb94ff1ce2
  .git/objects/6f/48cdcb0fc39ad32d012c4d916fd29745c888e7
  .git/objects/70/2d8a22d278f3da84eae2a9b7e1c44cfac9d666
  .git/objects/70/3918519c9007b03774a27a45fa0c3860e4dffa
  .git/objects/70/e20caba4f69e8bca2dbaae44460c24478a72e4
  .git/objects/70/fa6c84d607557476ea2355468efa8dcfef2c9b
  .git/objects/71/0308cff6d9b35238fba864ede352468110e71c
  .git/objects/71/6aac3fd0a51c0221365129de9796ebf40595ce
  .git/objects/71/ba1782c9a4ff790254b199d578c29bf4655457
  .git/objects/72/2272e20ad2b41231a1ef5325e4e60ef7b6607e
  .git/objects/72/8aac30431c88fb2004b95e6d0ba075c5fc083d
  .git/objects/72/e1dbd17a93aa2bc69d7b07b297ff7e6d2bb3f3
  .git/objects/73/0f6f5cc17222955394e20593dc46580a8215fa
  .git/objects/73/29b4e634a85cd5cccbc53cab78b68c3c13cf0f
  .git/objects/73/455a64ec161b6122f7bb896397fd0af470c0ac
  .git/objects/74/4bdbfcca1ed6445c20708c0d7b0d441094951e
  .git/objects/74/7f501d2ef449b9e12df2f62bfd377444dae57b
  .git/objects/74/bd7f802359ca63324060355c1cbef17b45c959
  .git/objects/74/f4b9c4f7b6c7223189b319ff3518f30e980c6a
  .git/objects/75/8afcb756c8578ba97c3689a9aac222d3041dd7
  .git/objects/75/adadd65dbcfd6ca2b7fc7e12327611fe1e0f95
  .git/objects/75/b6c26d6d5f4c961fbdbdcc5a4bf09a98eadea2
  .git/objects/75/e2e37a225e1c8bfeef9ddfa4eb548a4ff32a26
  .git/objects/76/21c602ab70156db527738d8f5323c2d428e6dd
  .git/objects/76/249cc49c5c75e2817c0b0c6e048f8f6f9ba5ce
  .git/objects/76/366c067790b64cfb5d9369ec97f05d28d7f0ff
  .git/objects/76/9a51cce46348e16ec4aba218028406929fb964
  .git/objects/76/bfe0d9e0d5e87f33d251cc26e3a0f9ce795f88
  .git/objects/76/e92b25eaced8d36ca33e0a18b879ae27c3b6e4
  .git/objects/77/4422cd85561d488eb4a73d5abf6e32def1ae8b
  .git/objects/77/8fa1b0fb6d54603135e4cebc78f6feae8ea60c
  .git/objects/77/a9630ebeae0123e205ff67456a68af8c8d445b
  .git/objects/78/64428405922ebf0e4d404522a59a4e2063354f
  .git/objects/78/6b9bf664e76b3aaf8ab9568c79a8733363d234
  .git/objects/79/0c86e1b0f014c823bc18a14b8399b04c40fff4
  .git/objects/79/8b8cd3eaa23eefd999ab0ba0e98cb94427573d
  .git/objects/79/dcdcaeaec77956305e717fb7e2716ef3fb3703
  .git/objects/7a/3ed186a611023225a2dd3cfb537688e3caa75f
  .git/objects/7c/628234d77c9f15830a484fbae6d0ecbf26b917
  .git/objects/7d/283ff05122de52feabf26e09e7e76dbd15638d
  .git/objects/7d/3eed30758229cbe9cce490a060fb6e486a82b2
  .git/objects/7d/4ba07a2b2d718ac982cbfd3900c4fa0abd85b2
  .git/objects/7d/abee58d6f104089ce4926e0c576b82fa6cb328
  .git/objects/7e/910003e8f602138965c506cdc7cb6c6c1b2e89
  .git/objects/7e/9cc57e285b12f0a78f866442ce9c9f1e514986
  .git/objects/7e/f27ede96b044b8989a7409aa6198d8f3fb6e74
  .git/objects/80/159972404da1692fb313b3c88129a17ea181d6
  .git/objects/80/5bdd30043b327e605936561e68fe761aec06a3
  .git/objects/80/7783c05d2c6ea7b4786bb0fe5c29b99df0c956
  .git/objects/80/9cbe502b30ebe43127f852eb7314e364773c26
  .git/objects/80/fb1ee36b383285b68cd968c82ebe0358775979
  .git/objects/81/0c7773855bd3f81706db209246397370fa8826
  .git/objects/81/a429b8afa1f5bfa844708ec8508fba6ab9f53d
  .git/objects/81/b462c4f41a3ad8bedf7010d33c0ec030d40ab0
  .git/objects/81/b77f05b77afa96a90a2ed730e5a36d306c9b5e
  .git/objects/81/fd58ae11dd7afdab0b46843e98f48f245233a9
  .git/objects/82/5e2d217a4a99742d89ae235dee0abacd0b4b26
  .git/objects/82/857a391911279a010ad1b4e3ffdcf5212dbb4a
  .git/objects/82/dbb69a1750a33c3310688ca66dcc0dc5a1b48d
  .git/objects/83/34133aa6409616949e7510b0b907a34f70a122
  .git/objects/83/7dd682b973f2694121c5b81ea3170e6af8cb0f
  .git/objects/83/e236e2fab7cead12cae69f8370845add1fec33
  .git/objects/84/053e8d397c9285a888dc80a68bb710c0848737
  .git/objects/84/8728b4462dfd76773b9c4c98026109f0b823db
  .git/objects/85/09fdffa95756b7d8604b54b3c3ee1f0b513ae6
  .git/objects/85/cee5145072f79bd279b170c81d4c9dae75cf9f
  .git/objects/86/b2721488ecfb335cbc45a27396c46f9eb78e3a
  .git/objects/86/c4e0417f6ea118f17b055d68c481d4e3fcfdd4
  .git/objects/87/1afa7ddcd707cfbaab5e64ed2f5524c49fee33
  .git/objects/87/96688b14b446cc27550b1039d8d44e384d9414
  .git/objects/88/5ee100c66d9573eaa18c6cbd2832437a4ef58f
  .git/objects/88/deb5347646a722008f02da4d48038f19b57b9d
  .git/objects/89/1675f239d5ce8cf1b1dc8b6acf45eb7eba16f1
  .git/objects/8a/0149de83db9c2c51bae57c81a50d04988c9885
  .git/objects/8a/acffe4c086777503d4935d8773624abbbddb0e
  .git/objects/8a/cb16680f3ca38633a7b848cd388d05a5f41b4f
  .git/objects/8b/0b85defa4ada53e2604c259342c170e95967b0
  .git/objects/8b/1e7229bb2ed718e81276be0e585767579dfe70
  .git/objects/8b/41a0179440bef122ebea23e98691e35125c821
  .git/objects/8b/5852772832e9239f24738cd14e8ef18d335d2e
  .git/objects/8c/25bf8d665a57f5d3a9b514a76d25f5418a6138
  .git/objects/8d/618b3e9d5e1d834a237006748902fcece385c4
  .git/objects/8d/67701554ca521c3126ff9b0df45f9a3a1266e7
  .git/objects/8d/6ec9288975883782ed2c9ecc547b61ffa02a44
  .git/objects/8e/256fdde9e3a1af410de88b073bf1d7921a6774
  .git/objects/8e/857ef5e930f9524c198f21131425c9f3ba4c5c
  .git/objects/8f/422482e38a9eb910764c1d677811a5869a4aca
  .git/objects/8f/c18ca65cb4104475a5e71cc29e92fac2810e59
  .git/objects/8f/daf833fcbaf7278602bd80f4651a3c8b3fe11d
  .git/objects/8f/f4422774c0a43ca7994f85334b48c27c0181de
  .git/objects/90/141ff0fcc1dee70f0a16557ae8e0f3b1b43521
  .git/objects/90/4ea8a76843a21a79c74d2e710735c4f033829c
  .git/objects/90/5f4d33940e6ed768e9ec2577d657d332d4a827
  .git/objects/91/6e4bdb90c2169ef263afab7a77f6042013bb3d
  .git/objects/91/ce1f0c06226af46d773a083cab61b1419573e8
  .git/objects/92/0043fcaa1a2e2755c9c141bc00961f9dd952e5
  .git/objects/92/1d02a502d4f00c185b1ece790218692506b3a9
  .git/objects/92/5988a9373169537c2d5589c6140f86c4d6c792
  .git/objects/92/757c9272bd51956a0d71e6317cfc7a197c01ef
  .git/objects/92/e4f50b7325c1025bd7583937050b457e20cf6c
  .git/objects/92/e5064b1855e066a512c6eae52358ed40725f75
  .git/objects/92/f9e0801e5e7006214946c5eaa34e9e04b192aa
  .git/objects/93/16199074e14dc35d304cc4597a1831ce205e8e
  .git/objects/93/2019312f5ad1bca9b78487c4424d408d530297
  .git/objects/93/41a95d7ee1d97c689a07f820fae0e75da20d89
  .git/objects/93/6602b6325876068b5d595116562549b9952690
  .git/objects/93/8d702bc9cdd380b443c59eb4f3d3b5fc744b37
  .git/objects/94/15b2d0183851b6284104e5dffdf887e21bd2f3
  .git/objects/94/4b1542e7c5fdfc70128730bf21f8cc095643f8
  .git/objects/94/5563a7dd8397b4a884f594d412548f1b4b9010
  .git/objects/94/ccccefbeffbec132f2763b41fe0882577fe34b
  .git/objects/94/dc338d481d3e8678328a210251bbdd17be6d75
  .git/objects/95/0a33a990a2c610b01a0f8fc51cc52477e9e75c
  .git/objects/95/98a0c9cafa63623d2e87f6998aab6a11081733
  .git/objects/95/a4b8510b9a95b7c1524ac462816f5c85adb817
  .git/objects/95/e223aa70f6ea58365c7f46a35c75c30574d604
  .git/objects/95/e2cd2816b2e1ff2434fe7f3edd01246a2b420e
  .git/objects/96/02035e3fc96f5a52b84d83115e74d47c62fd6b
  .git/objects/96/12875bfa8e4876ce46798eb1804eea08b87b91
  .git/objects/96/1bcb22fffd425e2e96403c010623912a8e38a5
  .git/objects/96/ad55549c7ed278d9d56b47ec1b662bfc06f453
  .git/objects/96/c09369ba9af949c40b322952fbfe08e60c53eb
  .git/objects/96/de491c1927e9fae3ca25ad98bb7f7097d05f8c
  .git/objects/98/b8c0e30494e87ea7eccc237816102151fc5efb
  .git/objects/98/f4a0793ac6033a66bae4a50e20010f3bf3d300
  .git/objects/99/058c2cd66d98a5622e6757b4d1a5969428314a
  .git/objects/99/6b8192667f435d22534f34eeb2a9360a6fd4f1
  .git/objects/9a/0fa65c919e8805917599d71950fde3a133edec
  .git/objects/9a/2ec89668b0c480decf03a54be6130b94f207b6
  .git/objects/9c/153e30482fb96ef277fed40be532833fec5b26
  .git/objects/9c/2ea6ce2696d9a8c225cb711ee25e855e7b0567
  .git/objects/9c/318a85cbd74d3bf4ae8ad7e53647b52210b5da
  .git/objects/9c/3c41e6b12fbdfa943c342f8fe43e91af7d9056
  .git/objects/9c/a44cb6232bcf7a5a2fd624918020cfdc37eb31
  .git/objects/9d/bac4e28963ec5a643bf5e2c88ff403dcd08a51
  .git/objects/9e/58564b766cb51c2382295e634408bf2553b8d1
  .git/objects/9e/843993f9457df256381b78cf75120d3f075fca
  .git/objects/9f/1d62360099135f2af79333c58a07f80b644888
  .git/objects/9f/387dea1d66d3b84f8bd16fcb532cb547a9cd3a
  .git/objects/9f/5791107d7d453032e09811c2e0a1375c7332b9
  .git/objects/a0/71e96df7c5b84d5cab9ebb02950658d5306bf7
  .git/objects/a0/c14771a3f2262bea2ffdc313adec890d84c914
  .git/objects/a0/e6731c064436896a4a34f85811326033e630cd
  .git/objects/a0/ed114a314a9f58fc966fc91929979a67847533
  .git/objects/a1/3f58fbb210c1bf97cbd5a924c154cc291b84f0
  .git/objects/a1/6880a393bd5dc7761c052abe1111eb46f8e88a
  .git/objects/a1/a1cad9e8173774a7f6ffdc7ba0abae657836a2
  .git/objects/a1/baaeda434dbc3fb6601b52101d4e64530aeba4
  .git/objects/a1/e309c7deab40510eee5b1dc96e3da2e1fda327
  .git/objects/a2/222c6998bc9c2ea87efd9650eafe5f5e1dda4c
  .git/objects/a2/3e80949ffb415f9c31509931dc2ec799acfeb4
  .git/objects/a3/368b0459eadbef51b852a1f94b4937fd3f2f72
  .git/objects/a3/a0afaa2559ac13211d55d93b1703a537fea369
  .git/objects/a4/78b01a1a6c47111e39f915b2f55709f3fdac32
  .git/objects/a5/0c7b5757d0e4a9afb834b6067ed30f08aba701
  .git/objects/a5/179a89a854ea19eb34c294f4a297a8cc93c6b2
  .git/objects/a5/1fdea57243a02bca56dc5a260c666f920326e2
  .git/objects/a6/082f19bd7d7a73102947996eae582eda34e7e4
  .git/objects/a6/31f2ea769b4b80545aaf693d7e58f512986391
  .git/objects/a6/366de6a21b6208d1f0dcc857a9765a556c1d2c
  .git/objects/a7/1386d2f4b7cf352db820b744f9c73266ecb80c
  .git/objects/a7/81556309201845ed321e6e154491d7f92f114b
  .git/objects/a8/99196bec006c84cca5dc88190cff224aca4fad
  .git/objects/a8/9e83fbf3e78de3caa3f5d8ab2f7a1b2fdc466f
  .git/objects/a8/f5f895cc2c02b14b57e2732ed3bddd5c1f8604
  .git/objects/a9/2e6ad32cadc65269f60ed16799d2975ab51d9a
  .git/objects/a9/9206fbe2a163b38d35068cde4a0ffa6c3d72f6
  .git/objects/a9/93544af4cdf68d3d275421b0cd4d9c2615237b
  .git/objects/a9/b86975e585448212c9114474eaa03647c3486a
  .git/objects/aa/8ea5dc59039ab0d3b95fc38b196353e13f5148
  .git/objects/aa/d3a441516804108495b0ca272a98ef267cf370
  .git/objects/ab/1c3515a4162ffd8d7aedfeb87990606a3e7c93
  .git/objects/ab/991866dadb36bd408367574fc0f1e831bbdadb
  .git/objects/ab/bca1d849b56bc4bf1fdcbe6552d553e3abd0c3
  .git/objects/ac/8bb8f7fb17f73650c3448662caf6468a69d4e7
  .git/objects/ac/b8d5695dfabe7df5474c1455f64e1c930f3a6c
  .git/objects/ad/228b4eda97ecede365340e44a7ca2048b553f6
  .git/objects/ad/2a14c25a90fcef0005ef8aeffa79c05c518a08
  .git/objects/ad/3711a86b587b31b538a919566755a72a77a77f
  .git/objects/ad/690ec97426496676d9a449f15724f8b07e9a19
  .git/objects/ae/01f43094b00f1cba8cad5dc367176ddb6328f5
  .git/objects/ae/5e8e5720343810277cfa73d70136c4a2a87c69
  .git/objects/ae/905e6c81395e909a59d9be716f8e387fc6be14
  .git/objects/ae/9d9afa7ee2a8b1b8579371905c963142774052
  .git/objects/ae/b994c419565e4c32aaba1447400413472b1ec5
  .git/objects/af/13ecd835ccf3e0d0a82eef5e7e87aadcdbc5e9
  .git/objects/b1/0af4d1217bd26a0cd2a2b9a66d53b1baf6a016
  .git/objects/b1/1f7706a9b2a676f56793cc31cedf339009e919
  .git/objects/b1/25ca0a5cac98c79cb58a505b2b9a0a6e49dc20
  .git/objects/b1/48b928bbf33bec2bc20817574e3bec1362fad7
  .git/objects/b1/7e20534e4ea4969e455f99e21bc1c157b6c153
  .git/objects/b1/b7bc48219e5543553c55294216d315ccee86a0
  .git/objects/b1/edfac5ec6db440b8f0d2fa77e90400f28ee772
  .git/objects/b2/1c403d5d5d3b3fa2d6a717c753d12bc902fcb7
  .git/objects/b2/3eb7fced794166f68f925a96ce776575aa74bc
  .git/objects/b2/62273decd5179993a98690b925a01aac8355e3
  .git/objects/b2/71a6139c65be5c9090b44ad61ca878ead8f2ca
  .git/objects/b2/9555a7292f97e7d6354631e11d9abcd8eaaf22
  .git/objects/b3/0a379f5af1d31b47d24858fbcfe20db01920f7
  .git/objects/b3/466d8dddf0bb97527356208ea403738871d8b9
  .git/objects/b3/cab27be483deea948f8fda60df1d21ecde3ae0
  .git/objects/b4/4edd42b49c802bdfab891e4902ebf4dcf9b5f6
  .git/objects/b5/d40fd29c14ecc8dca7459644c422a34f891a0a
  .git/objects/b6/939cf50bfeef7936f80bfc216eab87b43986db
  .git/objects/b6/c296a53b2e9f5dbdfb8b701cf160681d22d9a5
  .git/objects/b6/d6b62d9c78729b38f21a1d31767ada26503402
  .git/objects/b6/d86a4e44a0a3f27bda28271b2c6298c64bb891
  .git/objects/b7/6d1675706272a79d9d4d18262ab1909b69ad62
  .git/objects/b7/91c4c3f9055979b68d548cd906452fb48b6539
  .git/objects/b7/d85dc7a52d7d5bfda497a9c9963b7423ce7f34
  .git/objects/b8/12d0dbaaf46a338e3b2fcad8ed902613d6e1be
  .git/objects/b8/8071cd583e0c29d56adcbb13f0585a9dc6d67f
  .git/objects/b8/8717b3d16dc2d3e9dc76b9f4f8cd39e088c7f4
  .git/objects/b8/f4d8930822ce0335cec1897f56238d56b29039
  .git/objects/b9/576f3a6a8976eb98f85d935820494d73878768
  .git/objects/ba/e5ea77ce22668a0897f9bbe811d94d3e838d6b
  .git/objects/ba/e639516fe716e106b9981081a3758666847745
  .git/objects/bc/4f54315a1ace7dd7cd18ae9e01deb7704e01c3
  .git/objects/bc/704e66bd14ec64a9b86cebee2ff8669d952250
  .git/objects/bc/80708e704baf23f94dee56847cf8121af7a266
  .git/objects/bc/eaffcf5e8b28f5eacc772c57f5b0aaaf6f2ae5
  .git/objects/bc/f48a39316abdbce25313ea8f8fb24e5d2d027c
  .git/objects/bd/48656c7f896397c6643921f9c985bfd2c7bdf1
  .git/objects/be/afb2b307e518dd49254ab155e19764beba18e1
  .git/objects/be/b0347d6ce8292dba062a9db2538b6b994df37d
  .git/objects/bf/52f0788bde919ad2862d3d828d801cbd42a85c
  .git/objects/bf/7168e757564cf35594cc920079430eea747905
  .git/objects/bf/86d640bf50279db9a1bf859c426f1a9a69f0c9
  .git/objects/bf/cd639023a7f957c914877415234c9f9a4381df
  .git/objects/bf/cd64732d95fd64606ddea6030a56a4e7f0c5f6
  .git/objects/bf/e35074cf5219e31a0b6fa2ba6e0a43570562ba
  .git/objects/c1/239c4ac7b87b0a608e34b4fda3fb81f35d9724
  .git/objects/c1/36d5f65ea9aa81393061c1fbbe20528adb24e0
  .git/objects/c1/fb1446cbe323ec8e2e44734265f5f9a932f359
  .git/objects/c2/56e03387d2c5171ea097711a6800d01a876587
  .git/objects/c2/cf5ebd572b29bfc89c2e1fb8691aaf6a5c1286
  .git/objects/c3/039c2f5fe4fb4d4ff3ee6fe615bb0dd280a50d
  .git/objects/c3/a82ee5455cda5cc40e8fbdb9c06b8eed8c2cad
  .git/objects/c3/be8bbf4411f26bcc16d4e510a5ff4e8a0f124a
  .git/objects/c4/2372761a493a5d78df7d17b46cdd0863846649
  .git/objects/c4/36020bccf12dc3f1090592c2c14204f07bc686
  .git/objects/c4/7502f8841c25e579450c646e54b0322a15de7b
  .git/objects/c4/7dfa2e79c1737de47d1a7b0c515c673cd7a25f
  .git/objects/c5/193f1b2a9cea4e06c7057ccab0e194c7f0cc47
  .git/objects/c5/c06c1f4c8fba38137bb37173a3e0949aba8bcd
  .git/objects/c6/0387f087e1d07f80ee8da721c99789586935d7
  .git/objects/c6/7860a48f7909810112101b501f2f2ae71dcb23
  .git/objects/c6/a832863e4bf16714592e6146dcd524667742ac
  .git/objects/c6/cebb7d32326cd2d29db5768df9861e3415059a
  .git/objects/c7/895c3a1797f55a9e23fe0f5f3014ddc73674b5
  .git/objects/c7/eb06a88b98184d5e57123ab436242bfab9d3d5
  .git/objects/c8/9e03fc2e4d976f47fe71f8068500a431adbee2
  .git/objects/c8/ed8e5e51906f9f88bef910d3a8fe59925b984a
  .git/objects/c8/fc4815c18a36be0695c3bfbf44c548c779e45e
  .git/objects/c9/14125b8ccdcb801257f4c10076fbeb85ba94f6
  .git/objects/c9/89b87337f5dfbf5f17efca08faa5003fc60989
  .git/objects/c9/a45532d89a29bd50b29399646526f233296b98
  .git/objects/c9/be2f1cd3946c40b53ef9857ac8388dd5b5df62
  .git/objects/ca/01d4066c7ce7be9e4209c9d8addf5e77d9042c
  .git/objects/ca/d9ed6e3ccaa4e62897d86136ee3dd933a7f5cd
  .git/objects/cb/56efb3784c1b1fae9787347923ca024f4e3bd0
  .git/objects/cb/8cfe170d4e5594280e91f581886b4c95a99ab4
  .git/objects/cb/a93be637b1a902b2b890f590490b424de92d08
  .git/objects/cc/26720bd92f5ec0a06a122ab5cd784703d4d190
  .git/objects/cc/c74a978c58de4061cc64c60070a48fa05b92f3
  .git/objects/cc/cda82da9703a81fd1af2f63b31beec34b33f32
  .git/objects/cd/11f610af20a1f7c567f268f1d1c772ced698db
  .git/objects/cd/15cdb911d20dfa278f212714c9b2f2da2288ce
  .git/objects/cd/9b84693078b33e8cd3499e87cc84ad270d68e3
  .git/objects/cd/e5d8728b361a3b961c11dcb7e0bb4776ee7d75
  .git/objects/ce/06a3f15d63d88ebef3dc083a90023dbfed940d
  .git/objects/ce/427227334fdd5bfb84fdcaff4f14e8d83c114b
  .git/objects/cf/93bc46e2585939ed1b5d5fdb25e60d2b3591ee
  .git/objects/cf/c1373385fc7c03f972f6d11edcdd162eef1aa4
  .git/objects/d0/63e9d73fe973a35781b40df97da1aa72fb7911
  .git/objects/d0/b17354273d1ca0124ae4a72b91a4cd5fe497f0
  .git/objects/d0/e62f0dd5473444f88f00bb40609ccf62360774
  .git/objects/d1/0b87558c8d6b6ad15d74bc1da557c41ad5f8cd
  .git/objects/d1/8114cf4b6a7720eb31866ede5ec3d8b83616ad
  .git/objects/d1/edcf18dba1295f11ff0d78b8e4b7411c57671a
  .git/objects/d2/d8ea503f994fed6e6793e7794db5dee93b26c7
  .git/objects/d3/8cc6e17bc061f64b297d2709e1a319489996ac
  .git/objects/d3/b0c686bd2018bc5480a5d28565695a7b5dbe68
  .git/objects/d4/5430566560d23a5097eea4033a415d98ad524c
  .git/objects/d4/72aaba1ae359197b15064367fcd71b8a307f65
  .git/objects/d5/b9ff8a1d95e8e728864c4f6280ccab866865c4
  .git/objects/d6/a0762ec1b1c1eafa166a2798eaa33d3e9aa94e
  .git/objects/d6/a991c3f8c6e1e3cdc3980633a63f2354d747cc
  .git/objects/d6/cf5b00abca3796cf75af4ce192d5141dcec162
  .git/objects/d6/d8c2c37aa70457749fda8d80ce17be67d2d702
  .git/objects/d6/f446a030746a04cedd5065a57f84e8508ba535
  .git/objects/d7/0898e0b1e6b19064e4e3ba66d703612202d089
  .git/objects/d7/2e8e15ce7c8ab1603e5ce576dc23c3f0a19889
  .git/objects/d7/3bb76784125f3f189fee2b884368f1249c6c46
  .git/objects/d7/9e7ee50eea2127590047a140db51e23225c5c4
  .git/objects/d7/bd90fccf05c5699895b8e20748f0c81dc918b7
  .git/objects/d7/eeabb58137b5c4c6d32f217b3854ca71b349f7
  .git/objects/d8/be54ca8ae1a602205c6bb19a2765e96924e3bd
  .git/objects/d8/c62043ae19fcc340fcab77a969fb891ebbf135
  .git/objects/d8/e0853f7bf0542e7b6ea0b61ae42c77a846bb0e
  .git/objects/d9/767fac5100cd9d4d143be9a8a5c26a429cf1da
  .git/objects/d9/915bc1e9ed409f41d8a6e30fdab1a2ceef5ffc
  .git/objects/d9/bbd2595fd2b4433696ab73fd947a41d7a99d73
  .git/objects/d9/ca1d68d953d3e6360c0888c579aafb7031be7e
  .git/objects/da/092880e0e2f20723820752f826307c9a1fa2e1
  .git/objects/da/2cf2e5fe47702772dbeec80f535d7420ea3344
  .git/objects/da/31b5e3e224f43ecd093f7bed74d37ca8785268
  .git/objects/da/7f1f24d6735f78364c514969d6dd9b44447c18
  .git/objects/da/87ae0f2a3513da3bd05a6ecb12dfa2f9c53b69
  .git/objects/db/9db54bcde40aa0b305a8bc2f0dd21119bf8390
  .git/objects/db/afe4f0f105a4264665756eaa06fe4d27171d6e
  .git/objects/db/e3290487a1615d4287835b1ef9612beb5e8758
  .git/objects/dc/c82edbd6589838f05937f47c1298ba90e958bc
  .git/objects/dd/4c13ace352e55c31b9de0dea7ac277ec4b1402
  .git/objects/de/02640ccd0245ed6a91b9620e55b2f2fa23c9bb
  .git/objects/de/70f6eb4deb5280d0ec12064d3dfedc3ba7c7a1
  .git/objects/de/ccbe806ec68961147a802b29fc0bae553d6400
  .git/objects/df/bff648a1098c1f89d2709fb7cfb9cd9ae0d3ef
  .git/objects/e0/1f3653d5cda304e51f4fd119409907d42d6190
  .git/objects/e0/38896b5611141fa4f73bd2cedcc62b5c1f2749
  .git/objects/e0/77cd55feaa3819bdff80d87ad23aea1d67b21b
  .git/objects/e0/a8f581e59fc3352e9fc03536773f2a945422ab
  .git/objects/e1/26a480cea75f256b950867b8d8b030f01e2b7f
  .git/objects/e1/2ee77173ccadeb07f8d8e36a847ba8ba9f6fb3
  .git/objects/e1/3b550f0148ad24139317891025e4a79061e31e
  .git/objects/e1/672db94c7434bc7588c358d4114211b555705c
  .git/objects/e1/a41cce3711a1dca95fb310a26bf7c90d8d5b70
  .git/objects/e2/0ee05a4719e273f63e8e3ef4c4743a4fb7b3fd
  .git/objects/e2/38de0ddfcffdd4a6dc7c0022dc185ea6217450
  .git/objects/e2/66efc7bbbed6030e069cdd5f409f0075b8c192
  .git/objects/e2/79bae1efb4106a675b06057ca5efb20e36d24d
  .git/objects/e2/e55c0b246c16724521a76187be5c3401fc6a26
  .git/objects/e2/eb0d6a844f0accc332535103f2db64bf2f5508
  .git/objects/e3/04c27b30bd7c984cc787f3aaee1c366a133469
  .git/objects/e3/338ec7ec0fa9f962c7e95ac3875ca269762e8e
  .git/objects/e3/6a2c7b733138c9a6b1bb6140068e8a79f36058
  .git/objects/e3/a5801d4514583160515540110d0f7e3d65883b
  .git/objects/e3/cd488e8ba68d0654b844bd6ce06140c027f8a8
  .git/objects/e3/e69a127add30fad8644f09c54a71b284abd488
  .git/objects/e4/3cd092325774543d23c61d80a80061182e207c
  .git/objects/e4/8679f9d513f54b5cc89ce7661fcdf9417d7c7f
  .git/objects/e5/02fb2566444e344d71dda00289a9676201c515
  .git/objects/e5/0eb80686a13e19fc638f441612db0b253db8cc
  .git/objects/e5/619339017a661473526c05a8653406299e60cc
  .git/objects/e5/8c54a508711cc51957c2e32221eb5d2627de30
  .git/objects/e5/9d93748ca07f34fedbead2e0dbcc14451553d2
  .git/objects/e5/f8ba043fa0569a4fa7ebbf627f5dfaedc1a821
  .git/objects/e6/175625ba9c5716dcac7f5855c30d700fc5735f
  .git/objects/e7/b8d7567a6fc8914d11c8886b6a97bb93f07ee7
  .git/objects/e8/7829a17c275aae65ba538d2c1dede6f8ab2194
  .git/objects/e8/bdbce0a3e0a2786eadb4d9759d6bbf196e1459
  .git/objects/e9/2a3a8a7e385797ac64febf71cd2627f9a3837c
  .git/objects/e9/5ff7f230f034f563d54b1a51e11bf80493dda8
  .git/objects/e9/ef476c96d48763ebbc466a7b93222ff1682622
  .git/objects/ea/570f3a3695dbeaca2f21b1ffc38f99162b2e4c
  .git/objects/ea/96f1b5fd936f7feeba3a41edcf3dd90d305070
  .git/objects/ea/ee63d75625c55b869c81f46450d2d81f2ca183
  .git/objects/ea/ef362be41ae63e6b15992fa5409dd80389de3a
  .git/objects/eb/7f215c306d1a6a0c3bd60f478d8463949e40c1
  .git/objects/eb/89b79064a1109c54f4a7c2da97f32fc8b3f8c5
  .git/objects/ec/58138f9891036b185cca40863b8689ea8552a4
  .git/objects/ec/74bc2bd7298d51eb8e4fa0ea578ad85108123f
  .git/objects/ec/efd76c177b8d0bd5a4c6c86469e556bae8a268
  .git/objects/ed/02476de61df44e3565c861ecd6701cf3a7a848
  .git/objects/ed/842d95a549051f2800671c228e34d8fe171d91
  .git/objects/ed/9555a60deadc5a2ea4915c537ced6afe6db134
  .git/objects/ed/bc197205b303a21ce2961891e5e9a709057284
  .git/objects/ee/27c7792cf869127ab0628cefac53707391a42d
  .git/objects/ee/896a1fa46616799ce28e49410660db0e308ba6
  .git/objects/ee/f57541c1714b9f663ac06ddb5306690f5e4209
  .git/objects/ef/7a45323270511cba9dc698bb2ef50d39f277e6
  .git/objects/ef/9385b5fd49f30ab6f3406431825e93c8dcde68
  .git/objects/ef/e9b681494e33e404c609166f95f0e4242e3111
  .git/objects/f0/8a6a34cff5bc42be339fa66a5da60fbdda1f2d
  .git/objects/f0/bc382336a2949af79dc30a352cdc2a7ced1f7b
  .git/objects/f0/bfaeeeae712e8ca6803b3a26473c6450d490e8
  .git/objects/f1/497b865a88710e865bc8b0e8b91da9afc2f338
  .git/objects/f1/9f0bce0cd96938ac196636361ea67380a03e4a
  .git/objects/f1/ca74c2dc6c16b4d6bcf41ea79905a5a7fb8d3e
  .git/objects/f2/2ff645a427a047be6def1007277843a752c7c5
  .git/objects/f3/88458b496317eb2365536af4434e18f30c46e2
  .git/objects/f4/3982e0782e7b8715996a8f6c2c15a691d68640
  .git/objects/f4/44b8a504e485f4d786c708377d227691001dfa
  .git/objects/f4/fb1c8faec311ef5d21ad8d43b1d95c4dfbdcd9
  .git/objects/f5/90ded3855429770d4c3c8819f7763831392520
  .git/objects/f5/995d1d7c0b82a2f709bfd0a539e9d4d53bf7f4
  .git/objects/f5/9e5fec4eb185d997c214c2dbe4e20ff257f0e3
  .git/objects/f5/de66d93848fa6b0a1382b0add7c2976cca38b9
  .git/objects/f6/1eadbe2fc56721a0d2be45160a95432dbc0c08
  .git/objects/f6/234ceef362e0695f1e3f41d8dd970ad7be55ab
  .git/objects/f6/8999d48ee22797e5bb5d27722224944afd0a4c
  .git/objects/f6/afa59c5bd939d4f37a5bed3dcaccca15aada4d
  .git/objects/f6/ec38ab922baef9d13ba65e146409078142989f
  .git/objects/f7/2862443828acf5a3b2fd9846cc97a01e9ee6bc
  .git/objects/f7/de3d7e24a25724a07c0296e2936b873760dff9
  .git/objects/f7/e7fd2ba1884f7b181547152f0e851a76dcd0bc
  .git/objects/f7/eded18fc55aa0bd5444b7b62008c5949538b91
  .git/objects/f8/09622388da01d7ef5fdd4d718396021c5a21ea
  .git/objects/f8/8083444c68905abe48da600845dcfdb9f5bbbe
  .git/objects/f8/e442ba0829c68cbed27d1c2073c311b790b4fd
  .git/objects/f9/0299975d5c661a076f00b2e087d42e33fdd525
  .git/objects/f9/678e705f22c9396f262cb4a332b50e95621fcb
  .git/objects/f9/f6cee2890236284d2fcc97b661927d3fe97212
  .git/objects/fa/086add4a017ac55b8193fd4af5358d146380e9
  .git/objects/fa/1446813b64142a9cc3c192fb44a529bf20df8c
  .git/objects/fb/eedc5c22c9da4d6583b2b3732648248f73e923
  .git/objects/fc/d0d6a6cbc4f89a0ba1ff10e9cf19236bbc5085
  .git/objects/fc/f6e92bdeef6d8bae8454e7b791e9fff6d4641e
  .git/objects/fd/a1e18a9027d0e21de912b28727f6b8ad6e2738
  .git/objects/ff/49b21803dc50514749d5d4ec20049ce57a1e25
  .git/objects/ff/8ce62ff890b79834a8bc30d7937799183e94fd
Source packages should not contain undeclared executable files.
See section ‘Package structure’ in the ‘Writing R Extensions’ manual.
* checking for hidden files and directories ... NOTE
Found the following hidden files and directories:
  .Rd2pdf32310
  .Rd2pdf4559
  .git
These were most likely included in error. See section ‘Package
structure’ in the ‘Writing R Extensions’ manual.
* checking for portable file names ... OK
* checking for sufficient/correct file permissions ... OK
* checking whether package ‘esd’ can be installed ... OK
* checking package directory ... OK
* checking DESCRIPTION meta-information ... OK
* checking top-level files ... OK
* checking for left-over files ... OK
* checking index information ... WARNING
Empty or missing file ‘demo/00Index’.
See the information on INDEX files and package subdirectories in the
chapter ‘Creating R packages’ of the ‘Writing R Extensions’ manual.
* checking package subdirectories ... WARNING
Found the following directory with the name of a check directory:
  ./esd.Rcheck
Most likely, these were included erroneously.
Found the following directories with names of Rd2pdf directories:
  ./.Rd2pdf32310
  ./.Rd2pdf4559
Most likely, these were included erroneously.
Demos with non-ASCII characters:  hydroex.R
Portable packages must use only ASCII characters in their demos.
Use \uxxxx escapes for other characters.
* checking R files for non-ASCII characters ... WARNING
Found the following files with non-ASCII characters:
  dictionary.R
  figure.R
  write.ncdf.R
Portable packages must use only ASCII characters in their R code,
except perhaps in comments.
Use \uxxxx escapes for other characters.
* checking R files for syntax errors ... OK
* checking whether the package can be loaded ... OK
* checking whether the package can be loaded with stated dependencies ... OK
* checking whether the package can be unloaded cleanly ... OK
* checking whether the namespace can be loaded with stated dependencies ... OK
* checking whether the namespace can be unloaded cleanly ... OK
* checking loading without being on the library search path ... WARNING
Error in library(esd, lib.loc = "/home/abdelkaderm/git/esd/esd.Rcheck") : 
  there is no package called ‘esd’
Execution halted

It looks like this package has a loading problem when not on .libPaths:
see the messages for details.
* checking dependencies in R code ...